error: this lint expectation is unfulfilled
   --> /share/pkehl/GIT/prudent/violations_coverage/in_crate/src/bin/linted.rs:230:38
    |
230 | ...                   #[expect(unsafe_code)]
    |                                ^^^^^^^^^^^
    |
   ::: /share/pkehl/GIT/prudent/violations_coverage/in_crate/src/bin/unsafe_method-unused_expect_unsafe-some_args.rs:13:13
    |
 13 |     let _ = unsafe_method!(~expect_unsafe S_INSTANCE, method, true);
    |             ------------------------------------------------------- in this macro invocation
    |
note: the lint level is defined here
   --> /share/pkehl/GIT/prudent/violations_coverage/in_crate/src/bin/linted.rs:223:32
    |
223 |                         #[deny(unfulfilled_lint_expectations)]
    |                                ^^^^^^^^^^^^^^^^^^^^^^^^^^^^^
    |
   ::: /share/pkehl/GIT/prudent/violations_coverage/in_crate/src/bin/unsafe_method-unused_expect_unsafe-some_args.rs:13:13
    |
 13 |     let _ = unsafe_method!(~expect_unsafe S_INSTANCE, method, true);
    |             ------------------------------------------------------- in this macro invocation
    = note: this error originates in the macro `unsafe_method` (in Nightly builds, run with -Z macro-backtrace for more info)

warning: this lint expectation is unfulfilled
   --> /share/pkehl/GIT/prudent/violations_coverage/in_crate/src/bin/linted.rs:365:22
    |
365 |             #[expect(unused_unsafe)]
    |                      ^^^^^^^^^^^^^
    |
   ::: /share/pkehl/GIT/prudent/violations_coverage/in_crate/src/bin/unsafe_method-unused_expect_unsafe-some_args.rs:13:13
    |
 13 |     let _ = unsafe_method!(~expect_unsafe S_INSTANCE, method, true);
    |             ------------------------------------------------------- in this macro invocation
    |
    = note: `#[warn(unfulfilled_lint_expectations)]` on by default
    = note: this warning originates in the macro `unsafe_method_internal_build_accessors_check_args_call` which comes from the expansion of the macro `unsafe_method` (in Nightly builds, run with -Z macro-backtrace for more info)
