error: this lint expectation is unfulfilled
  --> violations/frontend_linted.rs
   |
   | ...                   #[expect(unsafe_code)]
   |                                ^^^^^^^^^^^
   |
  ::: violations/unsafe_method-unused_expect_unsafe-zero_args.rs:13:13
   |
13 |     let _ = unsafe_method!(~expect_unsafe S_INSTANCE =>@  method);
   |             ----------------------------------------------------- in this macro invocation
   |
note: the lint level is defined here
  --> violations/frontend_linted.rs
   |
   |                         #[deny(unfulfilled_lint_expectations)]
   |                                ^^^^^^^^^^^^^^^^^^^^^^^^^^^^^
   |
  ::: violations/unsafe_method-unused_expect_unsafe-zero_args.rs:13:13
   |
13 |     let _ = unsafe_method!(~expect_unsafe S_INSTANCE =>@  method);
   |             ----------------------------------------------------- in this macro invocation
   = note: this error originates in the macro `internal_prudent_unsafe_method` which comes from the expansion of the macro `unsafe_method` (in Nightly builds, run with -Z macro-backtrace for more info)

warning: this lint expectation is unfulfilled
  --> violations/frontend_linted.rs
   |
   |                     #[expect(unused_unsafe)]
   |                              ^^^^^^^^^^^^^
   |
  ::: violations/unsafe_method-unused_expect_unsafe-zero_args.rs:13:13
   |
13 |     let _ = unsafe_method!(~expect_unsafe S_INSTANCE =>@  method);
   |             ----------------------------------------------------- in this macro invocation
   |
   = note: `#[warn(unfulfilled_lint_expectations)]` on by default
   = note: this warning originates in the macro `internal_prudent_unsafe_method_internal_check_args_etc` which comes from the expansion of the macro `unsafe_method` (in Nightly builds, run with -Z macro-backtrace for more info)
