error: unnecessary `unsafe` block
  --> violations/linted.rs
   |
   |                     let _ = unsafe { owned_receiver. $fn( $( $arg ),* ) };
   |                             ^^^^^^ unnecessary `unsafe` block
   |
  ::: violations/unsafe_method-fn_unused_unsafe-some_args.rs:11:5
   |
11 |     unsafe_method!(s =>@ use_it => true);
   |     ------------------------------------ in this macro invocation
   |
note: the lint level is defined here
  --> violations/linted.rs
   |
   |                     #[deny(unused_unsafe)]
   |                            ^^^^^^^^^^^^^
   |
  ::: violations/unsafe_method-fn_unused_unsafe-some_args.rs:11:5
   |
11 |     unsafe_method!(s =>@ use_it => true);
   |     ------------------------------------ in this macro invocation
   = note: this error originates in the macro `unsafe_method` (in Nightly builds, run with -Z macro-backtrace for more info)

error: unnecessary `unsafe` block
  --> violations/linted.rs
   |
   |         let result = unsafe {
   |                      ^^^^^^ unnecessary `unsafe` block
   |
  ::: violations/unsafe_method-fn_unused_unsafe-some_args.rs:11:5
   |
11 |     unsafe_method!(s =>@ use_it => true);
   |     ------------------------------------ in this macro invocation
   |
note: the lint level is defined here
  --> violations/linted.rs
   |
   |         #[deny(unused_unsafe)]
   |                ^^^^^^^^^^^^^
   |
  ::: violations/unsafe_method-fn_unused_unsafe-some_args.rs:11:5
   |
11 |     unsafe_method!(s =>@ use_it => true);
   |     ------------------------------------ in this macro invocation
   = note: this error originates in the macro `unsafe_method_internal_build_accessors_check_args_call` which comes from the expansion of the macro `unsafe_method` (in Nightly builds, run with -Z macro-backtrace for more info)
